Build started 13-12-2015 PM 08:32:32.
     1>Project "E:\PI\SOH_client\SOH\cocos2d\cocos\editor-support\spine\proj.win32\libSpine.vcxproj" on node 2 (Build target(s)).
     1>Lib:
         C:\Program Files (x86)\Microsoft Visual Studio 12.0\VC\bin\Lib.exe /OUT:"E:\PI\SOH_client\SOH\proj.win32\Debug.win32\libSpine.lib" /NOLOGO Debug.win32\Animation.obj
         Debug.win32\AnimationState.obj
         Debug.win32\AnimationStateData.obj
         Debug.win32\Atlas.obj
         Debug.win32\AtlasAttachmentLoader.obj
         Debug.win32\Attachment.obj
         Debug.win32\AttachmentLoader.obj
         Debug.win32\Bone.obj
         Debug.win32\BoneData.obj
         Debug.win32\BoundingBoxAttachment.obj
         Debug.win32\Event.obj
         Debug.win32\EventData.obj
         Debug.win32\extension.obj
         Debug.win32\IkConstraint.obj
         Debug.win32\IkConstraintData.obj
         Debug.win32\Json.obj
         Debug.win32\MeshAttachment.obj
         Debug.win32\PolygonBatch.obj
         Debug.win32\RegionAttachment.obj
         Debug.win32\Skeleton.obj
         Debug.win32\SkeletonAnimation.obj
         Debug.win32\SkeletonBounds.obj
         Debug.win32\SkeletonData.obj
         Debug.win32\SkeletonJson.obj
         Debug.win32\SkeletonRenderer.obj
         Debug.win32\Skin.obj
         Debug.win32\SkinnedMeshAttachment.obj
         Debug.win32\Slot.obj
         Debug.win32\SlotData.obj
         "Debug.win32\spine-cocos2dx.obj"
         libSpine.vcxproj -> E:\PI\SOH_client\SOH\proj.win32\Debug.win32\libSpine.lib
     1>Done Building Project "E:\PI\SOH_client\SOH\cocos2d\cocos\editor-support\spine\proj.win32\libSpine.vcxproj" (Build target(s)).

Build succeeded.

Time Elapsed 00:00:07.66
