Build started 28-01-2016 PM 08:37:19.
     1>Project "E:\PI\SOH_client\SOH\cocos2d\cocos\2d\libcocos2d.vcxproj" on node 2 (Build target(s)).
     1>ClCompile:
         C:\Program Files (x86)\Microsoft Visual Studio 12.0\VC\bin\CL.exe /c /I"C:\Program Files (x86)\Microsoft SDKs\Windows\v7.1A\include" /IE:\PI\SOH_client\SOH\cocos2d\cocos\2d\..\..\external\sqlite3\include /IE:\PI\SOH_client\SOH\cocos2d\cocos\2d\..\..\external\unzip /IE:\PI\SOH_client\SOH\cocos2d\cocos\2d\..\..\external\edtaa3func /IE:\PI\SOH_client\SOH\cocos2d\cocos\2d\..\..\external\tinyxml2 /IE:\PI\SOH_client\SOH\cocos2d\cocos\2d\..\..\external\png\include\win32 /IE:\PI\SOH_client\SOH\cocos2d\cocos\2d\..\..\external\jpeg\include\win32 /IE:\PI\SOH_client\SOH\cocos2d\cocos\2d\..\..\external\tiff\include\win32 /IE:\PI\SOH_client\SOH\cocos2d\cocos\2d\..\..\external\webp\include\win32 /IE:\PI\SOH_client\SOH\cocos2d\cocos\2d\..\..\external\freetype2\include\win32 /I"E:\PI\SOH_client\SOH\cocos2d\cocos\2d\..\..\external\win32-specific\MP3Decoder\include" /I"E:\PI\SOH_client\SOH\cocos2d\cocos\2d\..\..\external\win32-specific\OggDecoder\include" /I"E:\PI\SOH_client\SOH\cocos2d\cocos\2d\..\..\external\win32-specific\OpenalSoft\include" /I"E:\PI\SOH_client\SOH\cocos2d\cocos\2d\..\..\external\win32-specific\icon\include" /I"E:\PI\SOH_client\SOH\cocos2d\cocos\2d\..\..\external\win32-specific\zlib\include" /IE:\PI\SOH_client\SOH\cocos2d\cocos\2d\..\..\external\chipmunk\include\chipmunk /IE:\PI\SOH_client\SOH\cocos2d\cocos\2d\..\..\external\xxhash /IE:\PI\SOH_client\SOH\cocos2d\cocos\2d\..\..\external\ConvertUTF /IE:\PI\SOH_client\SOH\cocos2d\cocos\2d\..\..\external\Box2d /IE:\PI\SOH_client\SOH\cocos2d\cocos\2d\..\..\external\curl\include\win32 /IE:\PI\SOH_client\SOH\cocos2d\cocos\2d\..\..\external\websockets\include\win32\ /IE:\PI\SOH_client\SOH\cocos2d\cocos\2d\..\..\external /IE:\PI\SOH_client\SOH\cocos2d\cocos\2d\..\..\cocos /I"E:\PI\SOH_client\SOH\cocos2d\cocos\2d\..\..\cocos\editor-support" /IE:\PI\SOH_client\SOH\cocos2d\cocos\2d\..\..\cocos\audio\include /IE:\PI\SOH_client\SOH\cocos2d\cocos\2d\..\..\extensions /IE:\PI\SOH_client\SOH\cocos2d\cocos\2d\..\..\ /I"E:\PI\SOH_client\SOH\cocos2d\cocos\2d\..\..\cocos\editor-support" /IE:\PI\SOH_client\SOH\cocos2d\cocos\2d\..\..\cocos /IE:\PI\SOH_client\SOH\cocos2d\cocos\2d\..\..\cocos\platform /IE:\PI\SOH_client\SOH\cocos2d\cocos\2d\..\..\cocos\platform\desktop /IE:\PI\SOH_client\SOH\cocos2d\cocos\2d\..\..\external\glfw3\include\win32 /I"E:\PI\SOH_client\SOH\cocos2d\cocos\2d\..\..\external\win32-specific\gles\include\OGLES" /nologo /W3 /WX- /MP /O1 /Oy- /D WIN32 /D _USRDLL /D NDEBUG /D _WINDOWS /D _LIB /D COCOS2DXWIN32_EXPORTS /D GL_GLEXT_PROTOTYPES /D _CRT_SECURE_NO_WARNINGS /D _SCL_SECURE_NO_WARNINGS /D _USE3DDLL /D _EXPORT_DLL_ /D _USRSTUDIODLL /D _USREXDLL /D _USEGUIDLL /D CC_ENABLE_CHIPMUNK_INTEGRATION=1 /D PROTOBUF_USE_DLLS /D LIBPROTOBUF_EXPORTS /D _VARIADIC_MAX=10 /D _USING_V110_SDK71_ /D _WINDLL /D _UNICODE /D UNICODE /Gm- /EHsc /MD /GS /fp:precise /Zc:wchar_t /Zc:forScope /Fo"Release.win32\\" /Fd"Release.win32\vc120.pdb" /Gd /TP /wd4267 /wd4251 /wd4244 /analyze- /errorReport:prompt "..\..\extensions\assets-manager\AssetsManager.cpp" "..\..\extensions\assets-manager\AssetsManagerEx.cpp" "..\..\extensions\assets-manager\CCEventAssetsManagerEx.cpp" "..\..\extensions\assets-manager\CCEventListenerAssetsManagerEx.cpp" "..\..\extensions\assets-manager\Downloader.cpp" "..\..\extensions\assets-manager\Manifest.cpp" ..\..\extensions\GUI\CCControlExtension\CCControl.cpp ..\..\extensions\GUI\CCControlExtension\CCControlButton.cpp ..\..\extensions\GUI\CCControlExtension\CCControlColourPicker.cpp ..\..\extensions\GUI\CCControlExtension\CCControlHuePicker.cpp ..\..\extensions\GUI\CCControlExtension\CCControlPotentiometer.cpp ..\..\extensions\GUI\CCControlExtension\CCControlSaturationBrightnessPicker.cpp ..\..\extensions\GUI\CCControlExtension\CCControlSlider.cpp ..\..\extensions\GUI\CCControlExtension\CCControlStepper.cpp ..\..\extensions\GUI\CCControlExtension\CCControlSwitch.cpp ..\..\extensions\GUI\CCControlExtension\CCControlUtils.cpp ..\..\extensions\GUI\CCControlExtension\CCInvocation.cpp ..\..\extensions\GUI\CCScrollView\CCScrollView.cpp ..\..\extensions\GUI\CCScrollView\CCTableView.cpp ..\..\extensions\GUI\CCScrollView\CCTableViewCell.cpp "..\..\extensions\physics-nodes\CCPhysicsDebugNode.cpp" "..\..\extensions\physics-nodes\CCPhysicsSprite.cpp" ..\..\external\ConvertUTF\ConvertUTF.c ..\..\external\ConvertUTF\ConvertUTFWrapper.cpp ..\..\external\edtaa3func\edtaa3func.cpp ..\..\external\flatbuffers\flatc.cpp ..\..\external\flatbuffers\idl_gen_cpp.cpp ..\..\external\flatbuffers\idl_gen_fbs.cpp ..\..\external\flatbuffers\idl_gen_general.cpp ..\..\external\flatbuffers\idl_gen_go.cpp ..\..\external\flatbuffers\idl_gen_text.cpp ..\..\external\flatbuffers\idl_parser.cpp ..\..\external\tinyxml2\tinyxml2.cpp ..\..\external\unzip\ioapi_mem.cpp ..\..\external\unzip\ioapi.cpp ..\..\external\unzip\unzip.cpp ..\..\external\xxhash\xxhash.c ..\3d\CCAABB.cpp ..\3d\CCAnimate3D.cpp ..\3d\CCAnimation3D.cpp ..\3d\CCAttachNode.cpp ..\3d\CCBillBoard.cpp ..\3d\CCBundle3D.cpp ..\3d\CCBundleReader.cpp ..\3d\CCMesh.cpp ..\3d\CCMeshSkin.cpp ..\3d\CCMeshVertexIndexData.cpp ..\3d\CCOBB.cpp ..\3d\CCObjLoader.cpp ..\3d\CCRay.cpp ..\3d\CCSkeleton3D.cpp ..\3d\CCSprite3D.cpp ..\3d\CCSprite3DMaterial.cpp ..\audio\AudioEngine.cpp ..\audio\win32\AudioCache.cpp "..\audio\win32\AudioEngine-win32.cpp" ..\audio\win32\AudioPlayer.cpp ..\audio\win32\MciPlayer.cpp ..\audio\win32\SimpleAudioEngine.cpp ..\base\atitc.cpp ..\base\base64.cpp ..\base\CCAutoreleasePool.cpp ..\base\ccCArray.cpp ..\base\CCConfiguration.cpp ..\base\CCConsole.cpp ..\base\CCData.cpp ..\base\CCDataVisitor.cpp ..\base\CCDirector.cpp ..\base\CCEvent.cpp ..\base\CCEventAcceleration.cpp ..\base\CCEventCustom.cpp ..\base\CCEventDispatcher.cpp ..\base\CCEventFocus.cpp ..\base\CCEventKeyboard.cpp ..\base\CCEventListener.cpp ..\base\CCEventListenerAcceleration.cpp ..\base\CCEventListenerCustom.cpp ..\base\CCEventListenerFocus.cpp ..\base\CCEventListenerKeyboard.cpp ..\base\CCEventListenerMouse.cpp ..\base\CCEventListenerTouch.cpp ..\base\CCEventMouse.cpp ..\base\CCEventTouch.cpp ..\base\ccFPSImages.c ..\base\CCIMEDispatcher.cpp ..\base\CCNS.cpp ..\base\CCProfiling.cpp ..\base\ccRandom.cpp ..\base\CCRef.cpp ..\base\CCScheduler.cpp ..\base\CCScriptSupport.cpp ..\base\CCTouch.cpp ..\base\ccTypes.cpp ..\base\CCUserDefault.cpp ..\base\ccUTF8.cpp ..\base\ccUtils.cpp ..\base\CCValue.cpp ..\base\etc1.cpp ..\base\pvr.cpp ..\base\ObjectFactory.cpp ..\base\s3tc.cpp ..\base\TGAlib.cpp ..\base\ZipUtils.cpp ..\cocos2d.cpp ..\deprecated\CCArray.cpp ..\deprecated\CCDeprecated.cpp ..\deprecated\CCDictionary.cpp ..\deprecated\CCNotificationCenter.cpp ..\deprecated\CCSet.cpp ..\deprecated\CCString.cpp "..\editor-support\cocosbuilder\CCBAnimationManager.cpp" "..\editor-support\cocosbuilder\CCBFileLoader.cpp" "..\editor-support\cocosbuilder\CCBKeyframe.cpp" "..\editor-support\cocosbuilder\CCBReader.cpp" "..\editor-support\cocosbuilder\CCBSequence.cpp" "..\editor-support\cocosbuilder\CCBSequenceProperty.cpp" "..\editor-support\cocosbuilder\CCControlButtonLoader.cpp" "..\editor-support\cocosbuilder\CCControlLoader.cpp" "..\editor-support\cocosbuilder\CCLabelBMFontLoader.cpp" "..\editor-support\cocosbuilder\CCLabelTTFLoader.cpp" "..\editor-support\cocosbuilder\CCLayerColorLoader.cpp" "..\editor-support\cocosbuilder\CCLayerGradientLoader.cpp" "..\editor-support\cocosbuilder\CCLayerLoader.cpp" "..\editor-support\cocosbuilder\CCMenuItemImageLoader.cpp" "..\editor-support\cocosbuilder\CCMenuItemLoader.cpp" "..\editor-support\cocosbuilder\CCNode+CCBRelativePositioning.cpp" "..\editor-support\cocosbuilder\CCNodeLoader.cpp" "..\editor-support\cocosbuilder\CCNodeLoaderLibrary.cpp" "..\editor-support\cocosbuilder\CCParticleSystemQuadLoader.cpp" "..\editor-support\cocosbuilder\CCScale9SpriteLoader.cpp" "..\editor-support\cocosbuilder\CCScrollViewLoader.cpp" "..\editor-support\cocosbuilder\CCSpriteLoader.cpp" "..\editor-support\cocostudio\ActionTimeline\CCActionTimeline.cpp" "..\editor-support\cocostudio\ActionTimeline\CCActionTimelineCache.cpp" "..\editor-support\cocostudio\ActionTimeline\CCFrame.cpp" "..\editor-support\cocostudio\ActionTimeline\CCNodeReader.cpp" "..\editor-support\cocostudio\ActionTimeline\CCTimeLine.cpp" "..\editor-support\cocostudio\ActionTimeline\CSLoader.cpp" "..\editor-support\cocostudio\CCActionFrame.cpp" "..\editor-support\cocostudio\CCActionFrameEasing.cpp" "..\editor-support\cocostudio\CCActionManagerEx.cpp" "..\editor-support\cocostudio\CCActionNode.cpp" "..\editor-support\cocostudio\CCActionObject.cpp" "..\editor-support\cocostudio\CCArmature.cpp" "..\editor-support\cocostudio\CCArmatureAnimation.cpp" "..\editor-support\cocostudio\CCArmatureDataManager.cpp" "..\editor-support\cocostudio\CCArmatureDefine.cpp" "..\editor-support\cocostudio\CCBatchNode.cpp" "..\editor-support\cocostudio\CCBone.cpp" "..\editor-support\cocostudio\CCColliderDetector.cpp" "..\editor-support\cocostudio\CCComAttribute.cpp" "..\editor-support\cocostudio\CCComAudio.cpp" "..\editor-support\cocostudio\CCComController.cpp" "..\editor-support\cocostudio\CCComRender.cpp" "..\editor-support\cocostudio\CCDataReaderHelper.cpp" "..\editor-support\cocostudio\CCDatas.cpp" "..\editor-support\cocostudio\CCDecorativeDisplay.cpp" "..\editor-support\cocostudio\CCDisplayFactory.cpp" "..\editor-support\cocostudio\CCDisplayManager.cpp" "..\editor-support\cocostudio\CCInputDelegate.cpp" "..\editor-support\cocostudio\CCProcessBase.cpp" "..\editor-support\cocostudio\CCSGUIReader.cpp" "..\editor-support\cocostudio\CCSkin.cpp" "..\editor-support\cocostudio\CCSpriteFrameCacheHelper.cpp" "..\editor-support\cocostudio\CCSSceneReader.cpp" "..\editor-support\cocostudio\CCTransformHelp.cpp" "..\editor-support\cocostudio\CCTween.cpp" "..\editor-support\cocostudio\CCUtilMath.cpp" "..\editor-support\cocostudio\CocoLoader.cpp" "..\editor-support\cocostudio\DictionaryHelper.cpp" "..\editor-support\cocostudio\FlatBuffersSerialize.cpp" "..\editor-support\cocostudio\TriggerBase.cpp" "..\editor-support\cocostudio\TriggerMng.cpp" "..\editor-support\cocostudio\TriggerObj.cpp" "..\editor-support\cocostudio\WidgetCallBackHandlerProtocol.cpp" "..\editor-support\cocostudio\WidgetReader\ButtonReader\ButtonReader.cpp" "..\editor-support\cocostudio\WidgetReader\CheckBoxReader\CheckBoxReader.cpp" "..\editor-support\cocostudio\WidgetReader\ComAudioReader\ComAudioReader.cpp" "..\editor-support\cocostudio\WidgetReader\GameMapReader\GameMapReader.cpp" "..\editor-support\cocostudio\WidgetReader\ImageViewReader\ImageViewReader.cpp" "..\editor-support\cocostudio\WidgetReader\LayoutReader\LayoutReader.cpp" "..\editor-support\cocostudio\WidgetReader\ListViewReader\ListViewReader.cpp" "..\editor-support\cocostudio\WidgetReader\LoadingBarReader\LoadingBarReader.cpp" "..\editor-support\cocostudio\WidgetReader\NodeReaderDefine.cpp" "..\editor-support\cocostudio\WidgetReader\NodeReaderProtocol.cpp" "..\editor-support\cocostudio\WidgetReader\NodeReader\NodeReader.cpp" "..\editor-support\cocostudio\WidgetReader\PageViewReader\PageViewReader.cpp" "..\editor-support\cocostudio\WidgetReader\ParticleReader\ParticleReader.cpp" "..\editor-support\cocostudio\WidgetReader\ProjectNodeReader\ProjectNodeReader.cpp" "..\editor-support\cocostudio\WidgetReader\ScrollViewReader\ScrollViewReader.cpp" "..\editor-support\cocostudio\WidgetReader\SingleNodeReader\SingleNodeReader.cpp" "..\editor-support\cocostudio\WidgetReader\SliderReader\SliderReader.cpp" "..\editor-support\cocostudio\WidgetReader\SpriteReader\SpriteReader.cpp" "..\editor-support\cocostudio\WidgetReader\TextAtlasReader\TextAtlasReader.cpp" "..\editor-support\cocostudio\WidgetReader\TextBMFontReader\TextBMFontReader.cpp" "..\editor-support\cocostudio\WidgetReader\TextFieldReader\TextFieldReader.cpp" "..\editor-support\cocostudio\WidgetReader\TextReader\TextReader.cpp" "..\editor-support\cocostudio\WidgetReader\WidgetReader.cpp" ..\math\CCAffineTransform.cpp ..\math\CCGeometry.cpp ..\math\CCVertex.cpp ..\math\Mat4.cpp ..\math\MathUtil.cpp ..\math\Quaternion.cpp ..\math\TransformUtils.cpp ..\math\Vec2.cpp ..\math\Vec3.cpp ..\math\Vec4.cpp ..\network\HttpClient.cpp ..\network\SocketIO.cpp ..\network\WebSocket.cpp ..\physics\CCPhysicsBody.cpp ..\physics\CCPhysicsContact.cpp ..\physics\CCPhysicsJoint.cpp ..\physics\CCPhysicsShape.cpp ..\physics\CCPhysicsWorld.cpp ..\physics\chipmunk\CCPhysicsBodyInfo_chipmunk.cpp ..\physics\chipmunk\CCPhysicsContactInfo_chipmunk.cpp ..\physics\chipmunk\CCPhysicsJointInfo_chipmunk.cpp ..\physics\chipmunk\CCPhysicsShapeInfo_chipmunk.cpp ..\physics\chipmunk\CCPhysicsWorldInfo_chipmunk.cpp ..\platform\CCFileUtils.cpp ..\platform\CCGLView.cpp ..\platform\CCImage.cpp ..\platform\CCSAXParser.cpp ..\platform\CCThread.cpp "..\platform\desktop\CCGLViewImpl-desktop.cpp" "..\platform\win32\CCApplication-win32.cpp" "..\platform\win32\CCCommon-win32.cpp" "..\platform\win32\CCDevice-win32.cpp" "..\platform\win32\CCFileUtils-win32.cpp" "..\platform\win32\CCStdC-win32.cpp" ..\renderer\CCBatchCommand.cpp ..\renderer\CCCustomCommand.cpp ..\renderer\CCGLProgram.cpp ..\renderer\CCGLProgramCache.cpp ..\renderer\CCGLProgramState.cpp ..\renderer\CCGLProgramStateCache.cpp ..\renderer\ccGLStateCache.cpp ..\renderer\CCGroupCommand.cpp ..\renderer\CCMeshCommand.cpp ..\renderer\CCPrimitive.cpp ..\renderer\CCPrimitiveCommand.cpp ..\renderer\CCQuadCommand.cpp ..\renderer\CCRenderCommand.cpp ..\renderer\CCRenderer.cpp ..\renderer\ccShaders.cpp ..\renderer\CCTexture2D.cpp ..\renderer\CCTextureAtlas.cpp ..\renderer\CCTextureCache.cpp ..\renderer\CCTrianglesCommand.cpp ..\renderer\CCVertexIndexBuffer.cpp ..\renderer\CCVertexIndexData.cpp "..\storage\local-storage\LocalStorage.cpp" ..\ui\CocosGUI.cpp ..\ui\UIButton.cpp ..\ui\UICheckBox.cpp ..\ui\UIDeprecated.cpp ..\ui\UIEditBox\UIEditBox.cpp "..\ui\UIEditBox\UIEditBoxImpl-win32.cpp" ..\ui\UIHBox.cpp ..\ui\UIHelper.cpp ..\ui\UIImageView.cpp ..\ui\UILayout.cpp ..\ui\UILayoutComponent.cpp ..\ui\UILayoutManager.cpp ..\ui\UILayoutParameter.cpp ..\ui\UIListView.cpp ..\ui\UILoadingBar.cpp ..\ui\UIPageView.cpp ..\ui\UIRelativeBox.cpp ..\ui\UIRichText.cpp ..\ui\UIScale9Sprite.cpp ..\ui\UIScrollView.cpp ..\ui\UISlider.cpp ..\ui\UIText.cpp ..\ui\UITextAtlas.cpp ..\ui\UITextBMFont.cpp ..\ui\UITextField.cpp ..\ui\UIVBox.cpp ..\ui\UIWebView.cpp ..\ui\UIWidget.cpp CCAction.cpp CCActionCamera.cpp CCActionCatmullRom.cpp CCActionEase.cpp CCActionGrid.cpp CCActionGrid3D.cpp CCActionInstant.cpp CCActionInterval.cpp CCActionManager.cpp CCActionPageTurn3D.cpp CCActionProgressTimer.cpp CCActionTiledGrid.cpp CCActionTween.cpp CCAnimation.cpp CCAnimationCache.cpp CCAtlasNode.cpp CCCamera.cpp CCClippingNode.cpp CCClippingRectangleNode.cpp CCComponent.cpp CCComponentContainer.cpp CCDrawingPrimitives.cpp CCDrawNode.cpp CCFastTMXLayer.cpp CCFastTMXTiledMap.cpp CCFont.cpp CCFontAtlas.cpp CCFontAtlasCache.cpp CCFontCharMap.cpp CCFontFNT.cpp CCFontFreeType.cpp CCGLBufferedNode.cpp CCGrabber.cpp CCGrid.cpp CCLabel.cpp CCLabelAtlas.cpp CCLabelBMFont.cpp CCLabelTextFormatter.cpp CCLabelTTF.cpp CCLayer.cpp CCLight.cpp CCMenu.cpp CCMenuItem.cpp CCMotionStreak.cpp CCNode.cpp CCNodeGrid.cpp CCParallaxNode.cpp CCParticleBatchNode.cpp CCParticleExamples.cpp CCParticleSystem.cpp CCParticleSystemQuad.cpp CCProgressTimer.cpp CCProtectedNode.cpp CCRenderTexture.cpp CCScene.cpp CCSprite.cpp CCSpriteBatchNode.cpp CCSpriteFrame.cpp CCSpriteFrameCache.cpp CCTextFieldTTF.cpp CCTileMapAtlas.cpp CCTMXLayer.cpp CCTMXObjectGroup.cpp CCTMXTiledMap.cpp CCTMXXMLParser.cpp CCTransition.cpp CCTransitionPageTurn.cpp CCTransitionProgress.cpp CCTweenFunction.cpp
         AssetsManager.cpp
         AssetsManagerEx.cpp
         CCEventAssetsManagerEx.cpp
         CCEventListenerAssetsManagerEx.cpp
         Downloader.cpp
         Manifest.cpp
         CCControl.cpp
     1>..\..\extensions\assets-manager\Manifest.cpp(147): warning C4018: '<' : signed/unsigned mismatch
         CCControlButton.cpp
     1>..\..\extensions\assets-manager\Downloader.cpp(54): warning C4018: '<=' : signed/unsigned mismatch
         CCControlColourPicker.cpp
         CCControlHuePicker.cpp
         CCControlPotentiometer.cpp
         CCControlSaturationBrightnessPicker.cpp
         CCControlSlider.cpp
         CCControlStepper.cpp
         CCControlSwitch.cpp
         CCControlUtils.cpp
         CCInvocation.cpp
         CCScrollView.cpp
         CCTableView.cpp
         CCTableViewCell.cpp
         CCPhysicsDebugNode.cpp
         CCPhysicsSprite.cpp
         ConvertUTF.c
         ConvertUTFWrapper.cpp
         edtaa3func.cpp
     1>e:\pi\soh_client\soh\cocos2d\external\chipmunk\include\chipmunk\cpBB.h(105): warning C4056: overflow in floating-point constant arithmetic (..\..\extensions\physics-nodes\CCPhysicsDebugNode.cpp)
     1>e:\pi\soh_client\soh\cocos2d\external\chipmunk\include\chipmunk\cpBB.h(111): warning C4056: overflow in floating-point constant arithmetic (..\..\extensions\physics-nodes\CCPhysicsDebugNode.cpp)
         flatc.cpp
         idl_gen_cpp.cpp
         idl_gen_fbs.cpp
     1>e:\pi\soh_client\soh\cocos2d\external\chipmunk\include\chipmunk\cpBB.h(105): warning C4056: overflow in floating-point constant arithmetic (..\..\extensions\physics-nodes\CCPhysicsSprite.cpp)
     1>e:\pi\soh_client\soh\cocos2d\external\chipmunk\include\chipmunk\cpBB.h(111): warning C4056: overflow in floating-point constant arithmetic (..\..\extensions\physics-nodes\CCPhysicsSprite.cpp)
         idl_gen_general.cpp
         idl_gen_go.cpp
         idl_gen_text.cpp
         idl_parser.cpp
         tinyxml2.cpp
         ioapi_mem.cpp
         ioapi.cpp
         unzip.cpp
         xxhash.c
         CCAABB.cpp
     1>..\..\external\xxhash\xxhash.c(312): warning C4804: '/' : unsafe use of type 'bool' in operation
         CCAnimate3D.cpp
         CCAnimation3D.cpp
         CCAttachNode.cpp
         CCBillBoard.cpp
     1>..\3d\CCAnimate3D.cpp(111): warning C4018: '<' : signed/unsigned mismatch
         CCBundle3D.cpp
         CCBundleReader.cpp
         CCMesh.cpp
     1>..\3d\CCBundle3D.cpp(115): warning C4018: '<' : signed/unsigned mismatch
     1>..\3d\CCBundle3D.cpp(251): warning C4018: '<' : signed/unsigned mismatch
     1>..\3d\CCBundle3D.cpp(376): warning C4018: '<' : signed/unsigned mismatch
     1>..\3d\CCBundle3D.cpp(478): warning C4018: '<' : signed/unsigned mismatch
         CCMeshSkin.cpp
     1>..\3d\CCBundle3D.cpp(587): warning C4018: '<' : signed/unsigned mismatch
     1>..\3d\CCBundle3D.cpp(684): warning C4018: '<' : signed/unsigned mismatch
     1>..\3d\CCBundle3D.cpp(833): warning C4018: '<' : signed/unsigned mismatch
     1>..\3d\CCBundle3D.cpp(842): warning C4018: '<' : signed/unsigned mismatch
     1>..\3d\CCBundle3D.cpp(901): warning C4018: '<' : signed/unsigned mismatch
     1>..\3d\CCBundle3D.cpp(1028): warning C4018: '<' : signed/unsigned mismatch
     1>..\3d\CCBundle3D.cpp(1353): warning C4018: '<' : signed/unsigned mismatch
     1>..\3d\CCBundleReader.cpp(173): warning C4018: '<=' : signed/unsigned mismatch
     1>..\3d\CCBundle3D.cpp(1768): warning C4018: '<' : signed/unsigned mismatch
     1>..\3d\CCBundle3D.cpp(1776): warning C4018: '<' : signed/unsigned mismatch
         CCMeshVertexIndexData.cpp
     1>..\3d\CCMeshSkin.cpp(73): warning C4018: '<' : signed/unsigned mismatch
         CCOBB.cpp
         CCObjLoader.cpp
         CCRay.cpp
         CCSkeleton3D.cpp
         CCSprite3D.cpp
         CCSprite3DMaterial.cpp
         AudioEngine.cpp
     1>..\3d\CCSkeleton3D.cpp(278): warning C4018: '<' : signed/unsigned mismatch
         AudioCache.cpp
         AudioEngine-win32.cpp
     1>..\3d\CCSprite3D.cpp(55): warning C4390: ';' : empty controlled statement found; is this the intent?
     1>..\audio\AudioEngine.cpp(106): warning C4018: '>=' : signed/unsigned mismatch
         AudioPlayer.cpp
         MciPlayer.cpp
         SimpleAudioEngine.cpp
         atitc.cpp
         base64.cpp
         CCAutoreleasePool.cpp
         ccCArray.cpp
         CCConfiguration.cpp
         CCConsole.cpp
         CCData.cpp
         CCDataVisitor.cpp
         CCDirector.cpp
         CCEvent.cpp
         CCEventAcceleration.cpp
         CCEventCustom.cpp
         CCEventDispatcher.cpp
         CCEventFocus.cpp
         CCEventKeyboard.cpp
     1>..\base\CCDirector.cpp(1078): warning C4305: 'initializing' : truncation from 'double' to 'float'
     1>..\base\CCDirector.cpp(1079): warning C4305: 'initializing' : truncation from 'double' to 'const float'
     1>..\base\CCDirector.cpp(1125): warning C4305: 'initializing' : truncation from 'double' to 'const float'
         CCEventListener.cpp
         CCEventListenerAcceleration.cpp
         CCEventListenerCustom.cpp
         CCEventListenerFocus.cpp
         CCEventListenerKeyboard.cpp
         CCEventListenerMouse.cpp
         CCEventListenerTouch.cpp
         CCEventMouse.cpp
         CCEventTouch.cpp
         ccFPSImages.c
         CCIMEDispatcher.cpp
         CCNS.cpp
         CCProfiling.cpp
         ccRandom.cpp
         CCRef.cpp
         CCScheduler.cpp
         CCScriptSupport.cpp
         CCTouch.cpp
         ccTypes.cpp
         CCUserDefault.cpp
         ccUTF8.cpp
         ccUtils.cpp
         CCValue.cpp
     1>..\base\ccUTF8.cpp(234): warning C4996: 'cocos2d::cc_wcslen': was declared deprecated
                 E:\PI\SOH_client\SOH\cocos2d\cocos\2d\..\..\cocos\base/ccUTF8.h(130) : see declaration of 'cocos2d::cc_wcslen'
     1>..\base\ccUTF8.cpp(277): warning C4996: 'cocos2d::cc_wcslen': was declared deprecated
                 E:\PI\SOH_client\SOH\cocos2d\cocos\2d\..\..\cocos\base/ccUTF8.h(130) : see declaration of 'cocos2d::cc_wcslen'
         etc1.cpp
         pvr.cpp
         ObjectFactory.cpp
         s3tc.cpp
         TGAlib.cpp
         ZipUtils.cpp
         cocos2d.cpp
         CCArray.cpp
         CCDeprecated.cpp
         CCDictionary.cpp
         CCNotificationCenter.cpp
         CCSet.cpp
         CCString.cpp
         CCBAnimationManager.cpp
         CCBFileLoader.cpp
         CCBKeyframe.cpp
         CCBReader.cpp
         CCBSequence.cpp
         CCBSequenceProperty.cpp
         CCControlButtonLoader.cpp
         CCControlLoader.cpp
         CCLabelBMFontLoader.cpp
         CCLabelTTFLoader.cpp
         CCLayerColorLoader.cpp
         CCLayerGradientLoader.cpp
         CCLayerLoader.cpp
         CCMenuItemImageLoader.cpp
         CCMenuItemLoader.cpp
         CCNode+CCBRelativePositioning.cpp
         CCNodeLoader.cpp
         CCNodeLoaderLibrary.cpp
         CCParticleSystemQuadLoader.cpp
         CCScale9SpriteLoader.cpp
         CCScrollViewLoader.cpp
         CCSpriteLoader.cpp
         CCActionTimeline.cpp
         CCActionTimelineCache.cpp
         CCFrame.cpp
         CCNodeReader.cpp
         CCTimeLine.cpp
     1>E:\PI\SOH_client\SOH\cocos2d\cocos\2d\..\..\external\flatbuffers/flatbuffers.h(397): warning C4099: 'flatbuffers::FlatBufferBuilder' : type name first seen using 'struct' now seen using 'class' (..\editor-support\cocostudio\ActionTimeline\CCActionTimelineCache.cpp)
                 e:\pi\soh_client\soh\cocos2d\cocos\editor-support\cocostudio\actiontimeline\CCActionTimelineCache.h(37) : see declaration of 'flatbuffers::FlatBufferBuilder'
     1>..\editor-support\cocostudio\ActionTimeline\CCFrame.cpp(578): warning C4018: '>=' : signed/unsigned mismatch
     1>..\editor-support\cocostudio\ActionTimeline\CCActionTimelineCache.cpp(541): warning C4800: 'uint8_t' : forcing value to bool 'true' or 'false' (performance warning)
     1>..\editor-support\cocostudio\ActionTimeline\CCActionTimelineCache.cpp(549): warning C4800: 'uint8_t' : forcing value to bool 'true' or 'false' (performance warning)
     1>..\editor-support\cocostudio\ActionTimeline\CCActionTimelineCache.cpp(567): warning C4800: 'uint8_t' : forcing value to bool 'true' or 'false' (performance warning)
     1>..\editor-support\cocostudio\ActionTimeline\CCActionTimelineCache.cpp(585): warning C4800: 'uint8_t' : forcing value to bool 'true' or 'false' (performance warning)
     1>..\editor-support\cocostudio\ActionTimeline\CCActionTimelineCache.cpp(605): warning C4800: 'uint8_t' : forcing value to bool 'true' or 'false' (performance warning)
     1>..\editor-support\cocostudio\ActionTimeline\CCActionTimelineCache.cpp(622): warning C4800: 'uint8_t' : forcing value to bool 'true' or 'false' (performance warning)
     1>..\editor-support\cocostudio\ActionTimeline\CCActionTimelineCache.cpp(639): warning C4800: 'uint8_t' : forcing value to bool 'true' or 'false' (performance warning)
     1>..\editor-support\cocostudio\ActionTimeline\CCActionTimelineCache.cpp(657): warning C4800: 'uint8_t' : forcing value to bool 'true' or 'false' (performance warning)
     1>..\editor-support\cocostudio\ActionTimeline\CCActionTimelineCache.cpp(677): warning C4800: 'uint8_t' : forcing value to bool 'true' or 'false' (performance warning)
     1>..\editor-support\cocostudio\ActionTimeline\CCActionTimelineCache.cpp(735): warning C4800: 'uint8_t' : forcing value to bool 'true' or 'false' (performance warning)
     1>..\editor-support\cocostudio\ActionTimeline\CCTimeLine.cpp(142): warning C4018: '<' : signed/unsigned mismatch
     1>..\editor-support\cocostudio\ActionTimeline\CCTimeLine.cpp(144): warning C4018: '>=' : signed/unsigned mismatch
     1>..\editor-support\cocostudio\ActionTimeline\CCTimeLine.cpp(159): warning C4018: '>=' : signed/unsigned mismatch
     1>..\editor-support\cocostudio\ActionTimeline\CCTimeLine.cpp(174): warning C4018: '>=' : signed/unsigned mismatch
     1>..\editor-support\cocostudio\ActionTimeline\CCTimeLine.cpp(174): warning C4018: '<' : signed/unsigned mismatch
     1>..\editor-support\cocostudio\ActionTimeline\CCTimeLine.cpp(179): warning C4018: '>' : signed/unsigned mismatch
     1>..\editor-support\cocostudio\ActionTimeline\CCTimeLine.cpp(195): warning C4018: '<' : signed/unsigned mismatch
     1>..\editor-support\cocostudio\ActionTimeline\CCTimeLine.cpp(221): warning C4018: '<' : signed/unsigned mismatch
     1>..\editor-support\cocostudio\ActionTimeline\CCTimeLine.cpp(228): warning C4018: '>=' : signed/unsigned mismatch
     1>..\editor-support\cocostudio\ActionTimeline\CCTimeLine.cpp(252): warning C4018: '>' : signed/unsigned mismatch
     1>..\editor-support\cocostudio\ActionTimeline\CCTimeLine.cpp(252): warning C4018: '<' : signed/unsigned mismatch
         CSLoader.cpp
         CCActionFrame.cpp
         CCActionFrameEasing.cpp
         CCActionManagerEx.cpp
     1>E:\PI\SOH_client\SOH\cocos2d\cocos\2d\..\..\external\flatbuffers/flatbuffers.h(397): warning C4099: 'flatbuffers::FlatBufferBuilder' : type name first seen using 'struct' now seen using 'class' (..\editor-support\cocostudio\ActionTimeline\CSLoader.cpp)
                 e:\pi\soh_client\soh\cocos2d\cocos\editor-support\cocostudio\actiontimeline\CSLoader.h(35) : see declaration of 'flatbuffers::FlatBufferBuilder'
         CCActionNode.cpp
         CCActionObject.cpp
         CCArmature.cpp
         CCArmatureAnimation.cpp
         CCArmatureDataManager.cpp
         CCArmatureDefine.cpp
         CCBatchNode.cpp
         CCBone.cpp
         CCColliderDetector.cpp
         CCComAttribute.cpp
         CCComAudio.cpp
         CCComController.cpp
         CCComRender.cpp
         CCDataReaderHelper.cpp
         CCDatas.cpp
         CCDecorativeDisplay.cpp
     1>..\editor-support\cocostudio\CCDataReaderHelper.cpp(312): warning C4996: 'cocos2d::FileUtils::getFileData': was declared deprecated
                 E:\PI\SOH_client\SOH\cocos2d\cocos\2d\..\..\cocos\platform/CCFileUtils.h(101) : see declaration of 'cocos2d::FileUtils::getFileData'
                 E:\PI\SOH_client\SOH\cocos2d\cocos\2d\..\..\cocos\platform/CCFileUtils.h(101) : see declaration of 'cocos2d::FileUtils::getFileData'
     1>..\editor-support\cocostudio\CCDataReaderHelper.cpp(426): warning C4996: 'cocos2d::FileUtils::getFileData': was declared deprecated
                 E:\PI\SOH_client\SOH\cocos2d\cocos\2d\..\..\cocos\platform/CCFileUtils.h(101) : see declaration of 'cocos2d::FileUtils::getFileData'
                 E:\PI\SOH_client\SOH\cocos2d\cocos\2d\..\..\cocos\platform/CCFileUtils.h(101) : see declaration of 'cocos2d::FileUtils::getFileData'
         CCDisplayFactory.cpp
         CCDisplayManager.cpp
         CCInputDelegate.cpp
         CCProcessBase.cpp
         CCSGUIReader.cpp
         CCSkin.cpp
         CCSpriteFrameCacheHelper.cpp
         CCSSceneReader.cpp
         CCTransformHelp.cpp
         CCTween.cpp
         CCUtilMath.cpp
         CocoLoader.cpp
         DictionaryHelper.cpp
         FlatBuffersSerialize.cpp
         TriggerBase.cpp
         TriggerMng.cpp
     1>E:\PI\SOH_client\SOH\cocos2d\cocos\2d\..\..\cocos\editor-support\cocostudio/ActionTimeline/CCActionTimelineCache.h(37): warning C4099: 'flatbuffers::FlatBufferBuilder' : type name first seen using 'class' now seen using 'struct' (..\editor-support\cocostudio\FlatBuffersSerialize.cpp)
                 e:\pi\soh_client\soh\cocos2d\cocos\editor-support\cocostudio\FlatBuffersSerialize.h(35) : see declaration of 'flatbuffers::FlatBufferBuilder'
     1>E:\PI\SOH_client\SOH\cocos2d\cocos\2d\..\..\cocos\editor-support\cocostudio/ActionTimeline/CSLoader.h(35): warning C4099: 'flatbuffers::FlatBufferBuilder' : type name first seen using 'class' now seen using 'struct' (..\editor-support\cocostudio\FlatBuffersSerialize.cpp)
                 e:\pi\soh_client\soh\cocos2d\cocos\editor-support\cocostudio\FlatBuffersSerialize.h(35) : see declaration of 'flatbuffers::FlatBufferBuilder'
     1>..\editor-support\cocostudio\FlatBuffersSerialize.cpp(153): warning C4996: 'cocos2d::FileUtils::getFileData': was declared deprecated
                 e:\pi\soh_client\soh\cocos2d\cocos\platform/CCFileUtils.h(101) : see declaration of 'cocos2d::FileUtils::getFileData'
                 e:\pi\soh_client\soh\cocos2d\cocos\platform/CCFileUtils.h(101) : see declaration of 'cocos2d::FileUtils::getFileData'
     1>..\editor-support\cocostudio\FlatBuffersSerialize.cpp(704): warning C4800: 'int' : forcing value to bool 'true' or 'false' (performance warning)
     1>..\editor-support\cocostudio\FlatBuffersSerialize.cpp(974): warning C4996: 'cocos2d::FileUtils::getFileData': was declared deprecated
                 e:\pi\soh_client\soh\cocos2d\cocos\platform/CCFileUtils.h(101) : see declaration of 'cocos2d::FileUtils::getFileData'
                 e:\pi\soh_client\soh\cocos2d\cocos\platform/CCFileUtils.h(101) : see declaration of 'cocos2d::FileUtils::getFileData'
         TriggerObj.cpp
         WidgetCallBackHandlerProtocol.cpp
         ButtonReader.cpp
         CheckBoxReader.cpp
     1>..\editor-support\cocostudio\WidgetReader\ButtonReader\ButtonReader.cpp(547): warning C4800: 'uint8_t' : forcing value to bool 'true' or 'false' (performance warning)
     1>..\editor-support\cocostudio\WidgetReader\ButtonReader\ButtonReader.cpp(586): warning C4800: 'uint8_t' : forcing value to bool 'true' or 'false' (performance warning)
     1>..\editor-support\cocostudio\WidgetReader\CheckBoxReader\CheckBoxReader.cpp(461): warning C4800: 'uint8_t' : forcing value to bool 'true' or 'false' (performance warning)
     1>..\editor-support\cocostudio\WidgetReader\CheckBoxReader\CheckBoxReader.cpp(464): warning C4800: 'uint8_t' : forcing value to bool 'true' or 'false' (performance warning)
         ComAudioReader.cpp
         GameMapReader.cpp
     1>..\editor-support\cocostudio\WidgetReader\ComAudioReader\ComAudioReader.cpp(184): warning C4800: 'uint8_t' : forcing value to bool 'true' or 'false' (performance warning)
     1>..\editor-support\cocostudio\WidgetReader\ComAudioReader\ComAudioReader.cpp(188): warning C4800: 'uint8_t' : forcing value to bool 'true' or 'false' (performance warning)
         ImageViewReader.cpp
         LayoutReader.cpp
     1>..\editor-support\cocostudio\WidgetReader\ImageViewReader\ImageViewReader.cpp(299): warning C4800: 'uint8_t' : forcing value to bool 'true' or 'false' (performance warning)
         ListViewReader.cpp
     1>..\editor-support\cocostudio\WidgetReader\LayoutReader\LayoutReader.cpp(573): warning C4800: 'uint8_t' : forcing value to bool 'true' or 'false' (performance warning)
     1>..\editor-support\cocostudio\WidgetReader\LayoutReader\LayoutReader.cpp(576): warning C4800: 'uint8_t' : forcing value to bool 'true' or 'false' (performance warning)
         LoadingBarReader.cpp
     1>..\editor-support\cocostudio\WidgetReader\ListViewReader\ListViewReader.cpp(401): warning C4800: 'uint8_t' : forcing value to bool 'true' or 'false' (performance warning)
     1>..\editor-support\cocostudio\WidgetReader\ListViewReader\ListViewReader.cpp(404): warning C4800: 'uint8_t' : forcing value to bool 'true' or 'false' (performance warning)
     1>..\editor-support\cocostudio\WidgetReader\ListViewReader\ListViewReader.cpp(445): warning C4800: 'uint8_t' : forcing value to bool 'true' or 'false' (performance warning)
         NodeReaderDefine.cpp
         NodeReaderProtocol.cpp
         NodeReader.cpp
         PageViewReader.cpp
         ParticleReader.cpp
     1>..\editor-support\cocostudio\WidgetReader\NodeReader\NodeReader.cpp(333): warning C4800: 'uint8_t' : forcing value to bool 'true' or 'false' (performance warning)
         ProjectNodeReader.cpp
     1>..\editor-support\cocostudio\WidgetReader\PageViewReader\PageViewReader.cpp(314): warning C4800: 'uint8_t' : forcing value to bool 'true' or 'false' (performance warning)
     1>..\editor-support\cocostudio\WidgetReader\PageViewReader\PageViewReader.cpp(317): warning C4800: 'uint8_t' : forcing value to bool 'true' or 'false' (performance warning)
         ScrollViewReader.cpp
         SingleNodeReader.cpp
         SliderReader.cpp
     1>..\editor-support\cocostudio\WidgetReader\ScrollViewReader\ScrollViewReader.cpp(400): warning C4800: 'uint8_t' : forcing value to bool 'true' or 'false' (performance warning)
     1>..\editor-support\cocostudio\WidgetReader\ScrollViewReader\ScrollViewReader.cpp(403): warning C4800: 'uint8_t' : forcing value to bool 'true' or 'false' (performance warning)
     1>..\editor-support\cocostudio\WidgetReader\ScrollViewReader\ScrollViewReader.cpp(446): warning C4800: 'uint8_t' : forcing value to bool 'true' or 'false' (performance warning)
         SpriteReader.cpp
     1>..\editor-support\cocostudio\WidgetReader\SliderReader\SliderReader.cpp(495): warning C4800: 'uint8_t' : forcing value to bool 'true' or 'false' (performance warning)
     1>..\editor-support\cocostudio\WidgetReader\SpriteReader\SpriteReader.cpp(191): warning C4800: 'uint8_t' : forcing value to bool 'true' or 'false' (performance warning)
     1>..\editor-support\cocostudio\WidgetReader\SpriteReader\SpriteReader.cpp(192): warning C4800: 'uint8_t' : forcing value to bool 'true' or 'false' (performance warning)
         TextAtlasReader.cpp
         TextBMFontReader.cpp
         TextFieldReader.cpp
         TextReader.cpp
     1>..\editor-support\cocostudio\WidgetReader\TextFieldReader\TextFieldReader.cpp(289): warning C4800: 'uint8_t' : forcing value to bool 'true' or 'false' (performance warning)
     1>..\editor-support\cocostudio\WidgetReader\TextFieldReader\TextFieldReader.cpp(297): warning C4800: 'uint8_t' : forcing value to bool 'true' or 'false' (performance warning)
     1>..\editor-support\cocostudio\WidgetReader\TextReader\TextReader.cpp(295): warning C4800: 'uint8_t' : forcing value to bool 'true' or 'false' (performance warning)
     1>..\editor-support\cocostudio\WidgetReader\TextReader\TextReader.cpp(330): warning C4800: 'uint8_t' : forcing value to bool 'true' or 'false' (performance warning)
         WidgetReader.cpp
         CCAffineTransform.cpp
         CCGeometry.cpp
         CCVertex.cpp
         Mat4.cpp
         MathUtil.cpp
         Quaternion.cpp
     1>..\editor-support\cocostudio\WidgetReader\WidgetReader.cpp(633): warning C4800: 'uint8_t' : forcing value to bool 'true' or 'false' (performance warning)
     1>..\editor-support\cocostudio\WidgetReader\WidgetReader.cpp(648): warning C4800: 'uint8_t' : forcing value to bool 'true' or 'false' (performance warning)
     1>..\editor-support\cocostudio\WidgetReader\WidgetReader.cpp(667): warning C4800: 'uint8_t' : forcing value to bool 'true' or 'false' (performance warning)
     1>..\editor-support\cocostudio\WidgetReader\WidgetReader.cpp(684): warning C4800: 'uint8_t' : forcing value to bool 'true' or 'false' (performance warning)
     1>..\editor-support\cocostudio\WidgetReader\WidgetReader.cpp(686): warning C4800: 'uint8_t' : forcing value to bool 'true' or 'false' (performance warning)
         TransformUtils.cpp
         Vec2.cpp
         Vec3.cpp
         Vec4.cpp
         HttpClient.cpp
         SocketIO.cpp
         WebSocket.cpp
     1>E:\PI\SOH_client\SOH\cocos2d\cocos\2d\..\..\cocos\network/HttpRequest.h(185): warning C4996: 'cocos2d::network::HttpRequest::setResponseCallback': was declared deprecated (..\network\HttpClient.cpp)
                 E:\PI\SOH_client\SOH\cocos2d\cocos\2d\..\..\cocos\network/HttpRequest.h(188) : see declaration of 'cocos2d::network::HttpRequest::setResponseCallback'
     1>E:\PI\SOH_client\SOH\cocos2d\cocos\2d\..\..\cocos\network/HttpRequest.h(185): warning C4996: 'cocos2d::network::HttpRequest::setResponseCallback': was declared deprecated (..\network\SocketIO.cpp)
                 E:\PI\SOH_client\SOH\cocos2d\cocos\2d\..\..\cocos\network/HttpRequest.h(188) : see declaration of 'cocos2d::network::HttpRequest::setResponseCallback'
         CCPhysicsBody.cpp
         CCPhysicsContact.cpp
         CCPhysicsJoint.cpp
         CCPhysicsShape.cpp
         CCPhysicsWorld.cpp
         CCPhysicsBodyInfo_chipmunk.cpp
         CCPhysicsContactInfo_chipmunk.cpp
         CCPhysicsJointInfo_chipmunk.cpp
         CCPhysicsShapeInfo_chipmunk.cpp
         CCPhysicsWorldInfo_chipmunk.cpp
         CCFileUtils.cpp
         CCGLView.cpp
         CCImage.cpp
         CCSAXParser.cpp
     1>..\platform\CCFileUtils.cpp(1086): warning C4018: '<' : signed/unsigned mismatch
         CCThread.cpp
         CCGLViewImpl-desktop.cpp
         CCApplication-win32.cpp
         CCCommon-win32.cpp
         CCDevice-win32.cpp
         CCFileUtils-win32.cpp
         CCStdC-win32.cpp
         CCBatchCommand.cpp
     1>e:\pi\soh_client\soh\cocos2d\cocos\platform\win32\CCFileUtils-win32.h(102): warning C4996: 'cocos2d::FileUtils::getFileData': was declared deprecated (..\platform\win32\CCFileUtils-win32.cpp)
                 E:\PI\SOH_client\SOH\cocos2d\cocos\2d\..\..\cocos\platform/CCFileUtils.h(101) : see declaration of 'cocos2d::FileUtils::getFileData'
         CCCustomCommand.cpp
         CCGLProgram.cpp
         CCGLProgramCache.cpp
         CCGLProgramState.cpp
         CCGLProgramStateCache.cpp
         ccGLStateCache.cpp
         CCGroupCommand.cpp
         CCMeshCommand.cpp
     1>..\renderer\ccGLStateCache.cpp(225): warning C4800: 'uint32_t' : forcing value to bool 'true' or 'false' (performance warning)
     1>..\renderer\ccGLStateCache.cpp(226): warning C4800: 'uint32_t' : forcing value to bool 'true' or 'false' (performance warning)
         CCPrimitive.cpp
         CCPrimitiveCommand.cpp
         CCQuadCommand.cpp
         CCRenderCommand.cpp
         CCRenderer.cpp
         ccShaders.cpp
         CCTexture2D.cpp
         CCTextureAtlas.cpp
         CCTextureCache.cpp
         CCTrianglesCommand.cpp
         CCVertexIndexBuffer.cpp
         CCVertexIndexData.cpp
         LocalStorage.cpp
         CocosGUI.cpp
         UIButton.cpp
         UICheckBox.cpp
         UIDeprecated.cpp
         UIEditBox.cpp
         UIEditBoxImpl-win32.cpp
         UIHBox.cpp
         UIHelper.cpp
         UIImageView.cpp
         UILayout.cpp
         UILayoutComponent.cpp
         UILayoutManager.cpp
         UILayoutParameter.cpp
         UIListView.cpp
         UILoadingBar.cpp
         UIPageView.cpp
         UIRelativeBox.cpp
         UIRichText.cpp
         UIScale9Sprite.cpp
         UIScrollView.cpp
         UISlider.cpp
         UIText.cpp
         UITextAtlas.cpp
         UITextBMFont.cpp
         UITextField.cpp
         UIVBox.cpp
         UIWebView.cpp
         UIWidget.cpp
         CCAction.cpp
         CCActionCamera.cpp
         CCActionCatmullRom.cpp
         CCActionEase.cpp
         CCActionGrid.cpp
         CCActionGrid3D.cpp
         CCActionInstant.cpp
         CCActionInterval.cpp
         CCActionManager.cpp
         CCActionPageTurn3D.cpp
         CCActionProgressTimer.cpp
         CCActionTiledGrid.cpp
         CCActionTween.cpp
         CCAnimation.cpp
         CCAnimationCache.cpp
         CCAtlasNode.cpp
         CCCamera.cpp
         CCClippingNode.cpp
         CCClippingRectangleNode.cpp
         CCComponent.cpp
         CCComponentContainer.cpp
         CCDrawingPrimitives.cpp
         CCDrawNode.cpp
         CCFastTMXLayer.cpp
         CCFastTMXTiledMap.cpp
         CCFont.cpp
     1>CCFastTMXLayer.cpp(157): warning C4018: '<' : signed/unsigned mismatch
         CCFontAtlas.cpp
         CCFontAtlasCache.cpp
         CCFontCharMap.cpp
         CCFontFNT.cpp
         CCFontFreeType.cpp
         CCGLBufferedNode.cpp
         CCGrabber.cpp
         CCGrid.cpp
         CCLabel.cpp
         CCLabelAtlas.cpp
         CCLabelBMFont.cpp
     1>CCGrid.cpp(320): warning C4800: 'GLboolean' : forcing value to bool 'true' or 'false' (performance warning)
         CCLabelTextFormatter.cpp
         CCLabelTTF.cpp
         CCLayer.cpp
         CCLight.cpp
         CCMenu.cpp
         CCMenuItem.cpp
         CCMotionStreak.cpp
         CCNode.cpp
         CCNodeGrid.cpp
         CCParallaxNode.cpp
         CCParticleBatchNode.cpp
         CCParticleExamples.cpp
     1>CCNode.cpp(1282): warning C4800: 'int' : forcing value to bool 'true' or 'false' (performance warning)
         CCParticleSystem.cpp
         CCParticleSystemQuad.cpp
         CCProgressTimer.cpp
         CCProtectedNode.cpp
         CCRenderTexture.cpp
         CCScene.cpp
         CCSprite.cpp
         CCSpriteBatchNode.cpp
         CCSpriteFrame.cpp
         CCSpriteFrameCache.cpp
         CCTextFieldTTF.cpp
         CCTileMapAtlas.cpp
         CCTMXLayer.cpp
         CCTMXObjectGroup.cpp
         CCTMXTiledMap.cpp
         CCTMXXMLParser.cpp
         CCTransition.cpp
         CCTransitionPageTurn.cpp
         CCTransitionProgress.cpp
         CCTweenFunction.cpp
       PreLinkEvent:
         if not exist "E:\PI\SOH_client\SOH\proj.win32\Release.win32\" mkdir "E:\PI\SOH_client\SOH\proj.win32\Release.win32\"
         xcopy /Y /Q "E:\PI\SOH_client\SOH\cocos2d\cocos\2d\..\..\external\freetype2\prebuilt\win32\*.*" "E:\PI\SOH_client\SOH\proj.win32\Release.win32\"
         xcopy /Y /Q "E:\PI\SOH_client\SOH\cocos2d\cocos\2d\..\..\external\glfw3\prebuilt\win32\*.*" "E:\PI\SOH_client\SOH\proj.win32\Release.win32\"
         xcopy /Y /Q "E:\PI\SOH_client\SOH\cocos2d\cocos\2d\..\..\external\curl\prebuilt\win32\*.*" "E:\PI\SOH_client\SOH\proj.win32\Release.win32\"
         xcopy /Y /Q "E:\PI\SOH_client\SOH\cocos2d\cocos\2d\..\..\external\jpeg\prebuilt\win32\*.*" "E:\PI\SOH_client\SOH\proj.win32\Release.win32\"
         xcopy /Y /Q "E:\PI\SOH_client\SOH\cocos2d\cocos\2d\..\..\external\png\prebuilt\win32\*.*" "E:\PI\SOH_client\SOH\proj.win32\Release.win32\"
         xcopy /Y /Q "E:\PI\SOH_client\SOH\cocos2d\cocos\2d\..\..\external\tiff\prebuilt\win32\*.*" "E:\PI\SOH_client\SOH\proj.win32\Release.win32\"
         xcopy /Y /Q "E:\PI\SOH_client\SOH\cocos2d\cocos\2d\..\..\external\webp\prebuilt\win32\*.*" "E:\PI\SOH_client\SOH\proj.win32\Release.win32\"
         xcopy /Y /Q "E:\PI\SOH_client\SOH\cocos2d\cocos\2d\..\..\external\websockets\prebuilt\win32\*.*" "E:\PI\SOH_client\SOH\proj.win32\Release.win32\"
         xcopy /Y /Q "E:\PI\SOH_client\SOH\cocos2d\cocos\2d\..\..\external\win32-specific\zlib\prebuilt\*.*" "E:\PI\SOH_client\SOH\proj.win32\Release.win32\"
         xcopy /Y /Q "E:\PI\SOH_client\SOH\cocos2d\cocos\2d\..\..\external\win32-specific\icon\prebuilt\*.*" "E:\PI\SOH_client\SOH\proj.win32\Release.win32\"
         xcopy /Y /Q "E:\PI\SOH_client\SOH\cocos2d\cocos\2d\..\..\external\win32-specific\gles\prebuilt\*.*" "E:\PI\SOH_client\SOH\proj.win32\Release.win32\"
         xcopy /Y /Q "E:\PI\SOH_client\SOH\cocos2d\cocos\2d\..\..\external\win32-specific\OpenalSoft\prebuilt\*.*" "E:\PI\SOH_client\SOH\proj.win32\Release.win32\"
         xcopy /Y /Q "E:\PI\SOH_client\SOH\cocos2d\cocos\2d\..\..\external\win32-specific\MP3Decoder\prebuilt\*.*" "E:\PI\SOH_client\SOH\proj.win32\Release.win32\"
         xcopy /Y /Q "E:\PI\SOH_client\SOH\cocos2d\cocos\2d\..\..\external\win32-specific\OggDecoder\prebuilt\*.*" "E:\PI\SOH_client\SOH\proj.win32\Release.win32\"
         xcopy /Y /Q "E:\PI\SOH_client\SOH\cocos2d\cocos\2d\..\..\external\sqlite3\libraries\win32\*.*" "E:\PI\SOH_client\SOH\proj.win32\Release.win32\"
         xcopy /Y /Q "E:\PI\SOH_client\SOH\cocos2d\cocos\2d\..\..\external\chipmunk\prebuilt\win32\release-lib\*.*" "E:\PI\SOH_client\SOH\proj.win32\Release.win32\"
         
         :VCEnd
         1 File(s) copied
         1 File(s) copied
         2 File(s) copied
         1 File(s) copied
         1 File(s) copied
         2 File(s) copied
         1 File(s) copied
         2 File(s) copied
         2 File(s) copied
         2 File(s) copied
         2 File(s) copied
         2 File(s) copied
         2 File(s) copied
         6 File(s) copied
         2 File(s) copied
         1 File(s) copied
       Link:
         C:\Program Files (x86)\Microsoft Visual Studio 12.0\VC\bin\link.exe /ERRORREPORT:PROMPT /OUT:"E:\PI\SOH_client\SOH\proj.win32\Release.win32\libcocos2d.dll" /INCREMENTAL:NO /NOLOGO /LIBPATH:E:\PI\SOH_client\SOH\proj.win32\Release.win32\ /LIBPATH:E:\PI\SOH_client\SOH\proj.win32\Release.win32\ sqlite3.lib libcurl_imp.lib websockets.lib libmpg123.lib libogg.lib libvorbis.lib libvorbisfile.lib OpenAL32.lib opengl32.lib glew32.lib libzlib.lib libpng.lib libjpeg.lib libtiff.lib libwebp.lib libiconv.lib glfw3.lib freetype250.lib winmm.lib ws2_32.lib libchipmunk.lib libbox2d.lib libSpine.lib kernel32.lib user32.lib gdi32.lib winspool.lib comdlg32.lib advapi32.lib shell32.lib ole32.lib oleaut32.lib uuid.lib odbc32.lib odbccp32.lib /NODEFAULTLIB:LIBCMTD.lib /DEF:"cocos2d.def" /MANIFEST /MANIFESTUAC:"level='asInvoker' uiAccess='false'" /manifest:embed /DEBUG /PDB:"E:\PI\SOH_client\SOH\proj.win32\Release.win32\libcocos2d.pdb" /SUBSYSTEM:WINDOWS,"5.01" /OPT:REF /OPT:ICF /TLBID:1 /DYNAMICBASE /NXCOMPAT /IMPLIB:"E:\PI\SOH_client\SOH\proj.win32\Release.win32\libcocos2d.lib" /MACHINE:X86 /SAFESEH /DLL Release.win32\AssetsManager.obj
         Release.win32\AssetsManagerEx.obj
         Release.win32\CCEventAssetsManagerEx.obj
         Release.win32\CCEventListenerAssetsManagerEx.obj
         Release.win32\Downloader.obj
         Release.win32\Manifest.obj
         Release.win32\CCControl.obj
         Release.win32\CCControlButton.obj
         Release.win32\CCControlColourPicker.obj
         Release.win32\CCControlHuePicker.obj
         Release.win32\CCControlPotentiometer.obj
         Release.win32\CCControlSaturationBrightnessPicker.obj
         Release.win32\CCControlSlider.obj
         Release.win32\CCControlStepper.obj
         Release.win32\CCControlSwitch.obj
         Release.win32\CCControlUtils.obj
         Release.win32\CCInvocation.obj
         Release.win32\CCScrollView.obj
         Release.win32\CCTableView.obj
         Release.win32\CCTableViewCell.obj
         Release.win32\CCPhysicsDebugNode.obj
         Release.win32\CCPhysicsSprite.obj
         Release.win32\ConvertUTF.obj
         Release.win32\ConvertUTFWrapper.obj
         Release.win32\edtaa3func.obj
         Release.win32\flatc.obj
         Release.win32\idl_gen_cpp.obj
         Release.win32\idl_gen_fbs.obj
         Release.win32\idl_gen_general.obj
         Release.win32\idl_gen_go.obj
         Release.win32\idl_gen_text.obj
         Release.win32\idl_parser.obj
         Release.win32\tinyxml2.obj
         Release.win32\ioapi_mem.obj
         Release.win32\ioapi.obj
         Release.win32\unzip.obj
         Release.win32\xxhash.obj
         Release.win32\CCAABB.obj
         Release.win32\CCAnimate3D.obj
         Release.win32\CCAnimation3D.obj
         Release.win32\CCAttachNode.obj
         Release.win32\CCBillBoard.obj
         Release.win32\CCBundle3D.obj
         Release.win32\CCBundleReader.obj
         Release.win32\CCMesh.obj
         Release.win32\CCMeshSkin.obj
         Release.win32\CCMeshVertexIndexData.obj
         Release.win32\CCOBB.obj
         Release.win32\CCObjLoader.obj
         Release.win32\CCRay.obj
         Release.win32\CCSkeleton3D.obj
         Release.win32\CCSprite3D.obj
         Release.win32\CCSprite3DMaterial.obj
         Release.win32\AudioEngine.obj
         Release.win32\AudioCache.obj
         "Release.win32\AudioEngine-win32.obj"
         Release.win32\AudioPlayer.obj
         Release.win32\MciPlayer.obj
         Release.win32\SimpleAudioEngine.obj
         Release.win32\atitc.obj
         Release.win32\base64.obj
         Release.win32\CCAutoreleasePool.obj
         Release.win32\ccCArray.obj
         Release.win32\CCConfiguration.obj
         Release.win32\CCConsole.obj
         Release.win32\CCData.obj
         Release.win32\CCDataVisitor.obj
         Release.win32\CCDirector.obj
         Release.win32\CCEvent.obj
         Release.win32\CCEventAcceleration.obj
         Release.win32\CCEventCustom.obj
         Release.win32\CCEventDispatcher.obj
         Release.win32\CCEventFocus.obj
         Release.win32\CCEventKeyboard.obj
         Release.win32\CCEventListener.obj
         Release.win32\CCEventListenerAcceleration.obj
         Release.win32\CCEventListenerCustom.obj
         Release.win32\CCEventListenerFocus.obj
         Release.win32\CCEventListenerKeyboard.obj
         Release.win32\CCEventListenerMouse.obj
         Release.win32\CCEventListenerTouch.obj
         Release.win32\CCEventMouse.obj
         Release.win32\CCEventTouch.obj
         Release.win32\ccFPSImages.obj
         Release.win32\CCIMEDispatcher.obj
         Release.win32\CCNS.obj
         Release.win32\CCProfiling.obj
         Release.win32\ccRandom.obj
         Release.win32\CCRef.obj
         Release.win32\CCScheduler.obj
         Release.win32\CCScriptSupport.obj
         Release.win32\CCTouch.obj
         Release.win32\ccTypes.obj
         Release.win32\CCUserDefault.obj
         Release.win32\ccUTF8.obj
         Release.win32\ccUtils.obj
         Release.win32\CCValue.obj
         Release.win32\etc1.obj
         Release.win32\pvr.obj
         Release.win32\ObjectFactory.obj
         Release.win32\s3tc.obj
         Release.win32\TGAlib.obj
         Release.win32\ZipUtils.obj
         Release.win32\cocos2d.obj
         Release.win32\CCArray.obj
         Release.win32\CCDeprecated.obj
         Release.win32\CCDictionary.obj
         Release.win32\CCNotificationCenter.obj
         Release.win32\CCSet.obj
         Release.win32\CCString.obj
         Release.win32\CCBAnimationManager.obj
         Release.win32\CCBFileLoader.obj
         Release.win32\CCBKeyframe.obj
         Release.win32\CCBReader.obj
         Release.win32\CCBSequence.obj
         Release.win32\CCBSequenceProperty.obj
         Release.win32\CCControlButtonLoader.obj
         Release.win32\CCControlLoader.obj
         Release.win32\CCLabelBMFontLoader.obj
         Release.win32\CCLabelTTFLoader.obj
         Release.win32\CCLayerColorLoader.obj
         Release.win32\CCLayerGradientLoader.obj
         Release.win32\CCLayerLoader.obj
         Release.win32\CCMenuItemImageLoader.obj
         Release.win32\CCMenuItemLoader.obj
         Release.win32\CCNode+CCBRelativePositioning.obj
         Release.win32\CCNodeLoader.obj
         Release.win32\CCNodeLoaderLibrary.obj
         Release.win32\CCParticleSystemQuadLoader.obj
         Release.win32\CCScale9SpriteLoader.obj
         Release.win32\CCScrollViewLoader.obj
         Release.win32\CCSpriteLoader.obj
         Release.win32\CCActionTimeline.obj
         Release.win32\CCActionTimelineCache.obj
         Release.win32\CCFrame.obj
         Release.win32\CCNodeReader.obj
         Release.win32\CCTimeLine.obj
         Release.win32\CSLoader.obj
         Release.win32\CCActionFrame.obj
         Release.win32\CCActionFrameEasing.obj
         Release.win32\CCActionManagerEx.obj
         Release.win32\CCActionNode.obj
         Release.win32\CCActionObject.obj
         Release.win32\CCArmature.obj
         Release.win32\CCArmatureAnimation.obj
         Release.win32\CCArmatureDataManager.obj
         Release.win32\CCArmatureDefine.obj
         Release.win32\CCBatchNode.obj
         Release.win32\CCBone.obj
         Release.win32\CCColliderDetector.obj
         Release.win32\CCComAttribute.obj
         Release.win32\CCComAudio.obj
         Release.win32\CCComController.obj
         Release.win32\CCComRender.obj
         Release.win32\CCDataReaderHelper.obj
         Release.win32\CCDatas.obj
         Release.win32\CCDecorativeDisplay.obj
         Release.win32\CCDisplayFactory.obj
         Release.win32\CCDisplayManager.obj
         Release.win32\CCInputDelegate.obj
         Release.win32\CCProcessBase.obj
         Release.win32\CCSGUIReader.obj
         Release.win32\CCSkin.obj
         Release.win32\CCSpriteFrameCacheHelper.obj
         Release.win32\CCSSceneReader.obj
         Release.win32\CCTransformHelp.obj
         Release.win32\CCTween.obj
         Release.win32\CCUtilMath.obj
         Release.win32\CocoLoader.obj
         Release.win32\DictionaryHelper.obj
         Release.win32\FlatBuffersSerialize.obj
         Release.win32\TriggerBase.obj
         Release.win32\TriggerMng.obj
         Release.win32\TriggerObj.obj
         Release.win32\WidgetCallBackHandlerProtocol.obj
         Release.win32\ButtonReader.obj
         Release.win32\CheckBoxReader.obj
         Release.win32\ComAudioReader.obj
         Release.win32\GameMapReader.obj
         Release.win32\ImageViewReader.obj
         Release.win32\LayoutReader.obj
         Release.win32\ListViewReader.obj
         Release.win32\LoadingBarReader.obj
         Release.win32\NodeReaderDefine.obj
         Release.win32\NodeReaderProtocol.obj
         Release.win32\NodeReader.obj
         Release.win32\PageViewReader.obj
         Release.win32\ParticleReader.obj
         Release.win32\ProjectNodeReader.obj
         Release.win32\ScrollViewReader.obj
         Release.win32\SingleNodeReader.obj
         Release.win32\SliderReader.obj
         Release.win32\SpriteReader.obj
         Release.win32\TextAtlasReader.obj
         Release.win32\TextBMFontReader.obj
         Release.win32\TextFieldReader.obj
         Release.win32\TextReader.obj
         Release.win32\WidgetReader.obj
         Release.win32\CCAffineTransform.obj
         Release.win32\CCGeometry.obj
         Release.win32\CCVertex.obj
         Release.win32\Mat4.obj
         Release.win32\MathUtil.obj
         Release.win32\Quaternion.obj
         Release.win32\TransformUtils.obj
         Release.win32\Vec2.obj
         Release.win32\Vec3.obj
         Release.win32\Vec4.obj
         Release.win32\HttpClient.obj
         Release.win32\SocketIO.obj
         Release.win32\WebSocket.obj
         Release.win32\CCPhysicsBody.obj
         Release.win32\CCPhysicsContact.obj
         Release.win32\CCPhysicsJoint.obj
         Release.win32\CCPhysicsShape.obj
         Release.win32\CCPhysicsWorld.obj
         Release.win32\CCPhysicsBodyInfo_chipmunk.obj
         Release.win32\CCPhysicsContactInfo_chipmunk.obj
         Release.win32\CCPhysicsJointInfo_chipmunk.obj
         Release.win32\CCPhysicsShapeInfo_chipmunk.obj
         Release.win32\CCPhysicsWorldInfo_chipmunk.obj
         Release.win32\CCFileUtils.obj
         Release.win32\CCGLView.obj
         Release.win32\CCImage.obj
         Release.win32\CCSAXParser.obj
         Release.win32\CCThread.obj
         "Release.win32\CCGLViewImpl-desktop.obj"
         "Release.win32\CCApplication-win32.obj"
         "Release.win32\CCCommon-win32.obj"
         "Release.win32\CCDevice-win32.obj"
         "Release.win32\CCFileUtils-win32.obj"
         "Release.win32\CCStdC-win32.obj"
         Release.win32\CCBatchCommand.obj
         Release.win32\CCCustomCommand.obj
         Release.win32\CCGLProgram.obj
         Release.win32\CCGLProgramCache.obj
         Release.win32\CCGLProgramState.obj
         Release.win32\CCGLProgramStateCache.obj
         Release.win32\ccGLStateCache.obj
         Release.win32\CCGroupCommand.obj
         Release.win32\CCMeshCommand.obj
         Release.win32\CCPrimitive.obj
         Release.win32\CCPrimitiveCommand.obj
         Release.win32\CCQuadCommand.obj
         Release.win32\CCRenderCommand.obj
         Release.win32\CCRenderer.obj
         Release.win32\ccShaders.obj
         Release.win32\CCTexture2D.obj
         Release.win32\CCTextureAtlas.obj
         Release.win32\CCTextureCache.obj
         Release.win32\CCTrianglesCommand.obj
         Release.win32\CCVertexIndexBuffer.obj
         Release.win32\CCVertexIndexData.obj
         Release.win32\LocalStorage.obj
         Release.win32\CocosGUI.obj
         Release.win32\UIButton.obj
         Release.win32\UICheckBox.obj
         Release.win32\UIDeprecated.obj
         Release.win32\UIEditBox.obj
         "Release.win32\UIEditBoxImpl-win32.obj"
         Release.win32\UIHBox.obj
         Release.win32\UIHelper.obj
         Release.win32\UIImageView.obj
         Release.win32\UILayout.obj
         Release.win32\UILayoutComponent.obj
         Release.win32\UILayoutManager.obj
         Release.win32\UILayoutParameter.obj
         Release.win32\UIListView.obj
         Release.win32\UILoadingBar.obj
         Release.win32\UIPageView.obj
         Release.win32\UIRelativeBox.obj
         Release.win32\UIRichText.obj
         Release.win32\UIScale9Sprite.obj
         Release.win32\UIScrollView.obj
         Release.win32\UISlider.obj
         Release.win32\UIText.obj
         Release.win32\UITextAtlas.obj
         Release.win32\UITextBMFont.obj
         Release.win32\UITextField.obj
         Release.win32\UIVBox.obj
         Release.win32\UIWebView.obj
         Release.win32\UIWidget.obj
         Release.win32\CCAction.obj
         Release.win32\CCActionCamera.obj
         Release.win32\CCActionCatmullRom.obj
         Release.win32\CCActionEase.obj
         Release.win32\CCActionGrid.obj
         Release.win32\CCActionGrid3D.obj
         Release.win32\CCActionInstant.obj
         Release.win32\CCActionInterval.obj
         Release.win32\CCActionManager.obj
         Release.win32\CCActionPageTurn3D.obj
         Release.win32\CCActionProgressTimer.obj
         Release.win32\CCActionTiledGrid.obj
         Release.win32\CCActionTween.obj
         Release.win32\CCAnimation.obj
         Release.win32\CCAnimationCache.obj
         Release.win32\CCAtlasNode.obj
         Release.win32\CCCamera.obj
         Release.win32\CCClippingNode.obj
         Release.win32\CCClippingRectangleNode.obj
         Release.win32\CCComponent.obj
         Release.win32\CCComponentContainer.obj
         Release.win32\CCDrawingPrimitives.obj
         Release.win32\CCDrawNode.obj
         Release.win32\CCFastTMXLayer.obj
         Release.win32\CCFastTMXTiledMap.obj
         Release.win32\CCFont.obj
         Release.win32\CCFontAtlas.obj
         Release.win32\CCFontAtlasCache.obj
         Release.win32\CCFontCharMap.obj
         Release.win32\CCFontFNT.obj
         Release.win32\CCFontFreeType.obj
         Release.win32\CCGLBufferedNode.obj
         Release.win32\CCGrabber.obj
         Release.win32\CCGrid.obj
         Release.win32\CCLabel.obj
         Release.win32\CCLabelAtlas.obj
         Release.win32\CCLabelBMFont.obj
         Release.win32\CCLabelTextFormatter.obj
         Release.win32\CCLabelTTF.obj
         Release.win32\CCLayer.obj
         Release.win32\CCLight.obj
         Release.win32\CCMenu.obj
         Release.win32\CCMenuItem.obj
         Release.win32\CCMotionStreak.obj
         Release.win32\CCNode.obj
         Release.win32\CCNodeGrid.obj
         Release.win32\CCParallaxNode.obj
         Release.win32\CCParticleBatchNode.obj
         Release.win32\CCParticleExamples.obj
         Release.win32\CCParticleSystem.obj
         Release.win32\CCParticleSystemQuad.obj
         Release.win32\CCProgressTimer.obj
         Release.win32\CCProtectedNode.obj
         Release.win32\CCRenderTexture.obj
         Release.win32\CCScene.obj
         Release.win32\CCSprite.obj
         Release.win32\CCSpriteBatchNode.obj
         Release.win32\CCSpriteFrame.obj
         Release.win32\CCSpriteFrameCache.obj
         Release.win32\CCTextFieldTTF.obj
         Release.win32\CCTileMapAtlas.obj
         Release.win32\CCTMXLayer.obj
         Release.win32\CCTMXObjectGroup.obj
         Release.win32\CCTMXTiledMap.obj
         Release.win32\CCTMXXMLParser.obj
         Release.win32\CCTransition.obj
         Release.win32\CCTransitionPageTurn.obj
         Release.win32\CCTransitionProgress.obj
         Release.win32\CCTweenFunction.obj
         E:\PI\SOH_client\SOH\proj.win32\Release.win32\libbox2d.lib
         E:\PI\SOH_client\SOH\proj.win32\Release.win32\libSpine.lib
            Creating library E:\PI\SOH_client\SOH\proj.win32\Release.win32\libcocos2d.lib and object E:\PI\SOH_client\SOH\proj.win32\Release.win32\libcocos2d.exp
     1>LINK : warning LNK4098: defaultlib 'LIBCMT' conflicts with use of other libs; use /NODEFAULTLIB:library
     1>libjpeg.lib(jcapimin.obj) : warning LNK4099: PDB 'vc110.pdb' was not found with 'libjpeg.lib(jcapimin.obj)' or at 'E:\PI\SOH_client\SOH\proj.win32\Release.win32\vc110.pdb'; linking object as if no debug info
     1>libjpeg.lib(jcapistd.obj) : warning LNK4099: PDB 'vc110.pdb' was not found with 'libjpeg.lib(jcapistd.obj)' or at 'E:\PI\SOH_client\SOH\proj.win32\Release.win32\vc110.pdb'; linking object as if no debug info
     1>libjpeg.lib(jcarith.obj) : warning LNK4099: PDB 'vc110.pdb' was not found with 'libjpeg.lib(jcarith.obj)' or at 'E:\PI\SOH_client\SOH\proj.win32\Release.win32\vc110.pdb'; linking object as if no debug info
     1>libjpeg.lib(jcparam.obj) : warning LNK4099: PDB 'vc110.pdb' was not found with 'libjpeg.lib(jcparam.obj)' or at 'E:\PI\SOH_client\SOH\proj.win32\Release.win32\vc110.pdb'; linking object as if no debug info
     1>libjpeg.lib(jdatadst.obj) : warning LNK4099: PDB 'vc110.pdb' was not found with 'libjpeg.lib(jdatadst.obj)' or at 'E:\PI\SOH_client\SOH\proj.win32\Release.win32\vc110.pdb'; linking object as if no debug info
     1>libjpeg.lib(jcinit.obj) : warning LNK4099: PDB 'vc110.pdb' was not found with 'libjpeg.lib(jcinit.obj)' or at 'E:\PI\SOH_client\SOH\proj.win32\Release.win32\vc110.pdb'; linking object as if no debug info
     1>libjpeg.lib(jcmaster.obj) : warning LNK4099: PDB 'vc110.pdb' was not found with 'libjpeg.lib(jcmaster.obj)' or at 'E:\PI\SOH_client\SOH\proj.win32\Release.win32\vc110.pdb'; linking object as if no debug info
     1>libjpeg.lib(jcmarker.obj) : warning LNK4099: PDB 'vc110.pdb' was not found with 'libjpeg.lib(jcmarker.obj)' or at 'E:\PI\SOH_client\SOH\proj.win32\Release.win32\vc110.pdb'; linking object as if no debug info
     1>libjpeg.lib(jcmainct.obj) : warning LNK4099: PDB 'vc110.pdb' was not found with 'libjpeg.lib(jcmainct.obj)' or at 'E:\PI\SOH_client\SOH\proj.win32\Release.win32\vc110.pdb'; linking object as if no debug info
     1>libjpeg.lib(jcprepct.obj) : warning LNK4099: PDB 'vc110.pdb' was not found with 'libjpeg.lib(jcprepct.obj)' or at 'E:\PI\SOH_client\SOH\proj.win32\Release.win32\vc110.pdb'; linking object as if no debug info
     1>libjpeg.lib(jccoefct.obj) : warning LNK4099: PDB 'vc110.pdb' was not found with 'libjpeg.lib(jccoefct.obj)' or at 'E:\PI\SOH_client\SOH\proj.win32\Release.win32\vc110.pdb'; linking object as if no debug info
     1>libjpeg.lib(jccolor.obj) : warning LNK4099: PDB 'vc110.pdb' was not found with 'libjpeg.lib(jccolor.obj)' or at 'E:\PI\SOH_client\SOH\proj.win32\Release.win32\vc110.pdb'; linking object as if no debug info
     1>libjpeg.lib(jcsample.obj) : warning LNK4099: PDB 'vc110.pdb' was not found with 'libjpeg.lib(jcsample.obj)' or at 'E:\PI\SOH_client\SOH\proj.win32\Release.win32\vc110.pdb'; linking object as if no debug info
     1>libjpeg.lib(jchuff.obj) : warning LNK4099: PDB 'vc110.pdb' was not found with 'libjpeg.lib(jchuff.obj)' or at 'E:\PI\SOH_client\SOH\proj.win32\Release.win32\vc110.pdb'; linking object as if no debug info
     1>libjpeg.lib(jcdctmgr.obj) : warning LNK4099: PDB 'vc110.pdb' was not found with 'libjpeg.lib(jcdctmgr.obj)' or at 'E:\PI\SOH_client\SOH\proj.win32\Release.win32\vc110.pdb'; linking object as if no debug info
     1>libjpeg.lib(jfdctfst.obj) : warning LNK4099: PDB 'vc110.pdb' was not found with 'libjpeg.lib(jfdctfst.obj)' or at 'E:\PI\SOH_client\SOH\proj.win32\Release.win32\vc110.pdb'; linking object as if no debug info
     1>libjpeg.lib(jfdctflt.obj) : warning LNK4099: PDB 'vc110.pdb' was not found with 'libjpeg.lib(jfdctflt.obj)' or at 'E:\PI\SOH_client\SOH\proj.win32\Release.win32\vc110.pdb'; linking object as if no debug info
     1>libjpeg.lib(jfdctint.obj) : warning LNK4099: PDB 'vc110.pdb' was not found with 'libjpeg.lib(jfdctint.obj)' or at 'E:\PI\SOH_client\SOH\proj.win32\Release.win32\vc110.pdb'; linking object as if no debug info
     1>libjpeg.lib(jdapimin.obj) : warning LNK4099: PDB 'vc110.pdb' was not found with 'libjpeg.lib(jdapimin.obj)' or at 'E:\PI\SOH_client\SOH\proj.win32\Release.win32\vc110.pdb'; linking object as if no debug info
     1>libjpeg.lib(jdapistd.obj) : warning LNK4099: PDB 'vc110.pdb' was not found with 'libjpeg.lib(jdapistd.obj)' or at 'E:\PI\SOH_client\SOH\proj.win32\Release.win32\vc110.pdb'; linking object as if no debug info
     1>libjpeg.lib(jdarith.obj) : warning LNK4099: PDB 'vc110.pdb' was not found with 'libjpeg.lib(jdarith.obj)' or at 'E:\PI\SOH_client\SOH\proj.win32\Release.win32\vc110.pdb'; linking object as if no debug info
     1>libjpeg.lib(jdatasrc.obj) : warning LNK4099: PDB 'vc110.pdb' was not found with 'libjpeg.lib(jdatasrc.obj)' or at 'E:\PI\SOH_client\SOH\proj.win32\Release.win32\vc110.pdb'; linking object as if no debug info
     1>libjpeg.lib(jdmaster.obj) : warning LNK4099: PDB 'vc110.pdb' was not found with 'libjpeg.lib(jdmaster.obj)' or at 'E:\PI\SOH_client\SOH\proj.win32\Release.win32\vc110.pdb'; linking object as if no debug info
     1>libjpeg.lib(jdinput.obj) : warning LNK4099: PDB 'vc110.pdb' was not found with 'libjpeg.lib(jdinput.obj)' or at 'E:\PI\SOH_client\SOH\proj.win32\Release.win32\vc110.pdb'; linking object as if no debug info
     1>libjpeg.lib(jdmarker.obj) : warning LNK4099: PDB 'vc110.pdb' was not found with 'libjpeg.lib(jdmarker.obj)' or at 'E:\PI\SOH_client\SOH\proj.win32\Release.win32\vc110.pdb'; linking object as if no debug info
     1>libjpeg.lib(jdhuff.obj) : warning LNK4099: PDB 'vc110.pdb' was not found with 'libjpeg.lib(jdhuff.obj)' or at 'E:\PI\SOH_client\SOH\proj.win32\Release.win32\vc110.pdb'; linking object as if no debug info
     1>libjpeg.lib(jdmainct.obj) : warning LNK4099: PDB 'vc110.pdb' was not found with 'libjpeg.lib(jdmainct.obj)' or at 'E:\PI\SOH_client\SOH\proj.win32\Release.win32\vc110.pdb'; linking object as if no debug info
     1>libjpeg.lib(jdcoefct.obj) : warning LNK4099: PDB 'vc110.pdb' was not found with 'libjpeg.lib(jdcoefct.obj)' or at 'E:\PI\SOH_client\SOH\proj.win32\Release.win32\vc110.pdb'; linking object as if no debug info
     1>libjpeg.lib(jdpostct.obj) : warning LNK4099: PDB 'vc110.pdb' was not found with 'libjpeg.lib(jdpostct.obj)' or at 'E:\PI\SOH_client\SOH\proj.win32\Release.win32\vc110.pdb'; linking object as if no debug info
     1>libjpeg.lib(jddctmgr.obj) : warning LNK4099: PDB 'vc110.pdb' was not found with 'libjpeg.lib(jddctmgr.obj)' or at 'E:\PI\SOH_client\SOH\proj.win32\Release.win32\vc110.pdb'; linking object as if no debug info
     1>libjpeg.lib(jidctfst.obj) : warning LNK4099: PDB 'vc110.pdb' was not found with 'libjpeg.lib(jidctfst.obj)' or at 'E:\PI\SOH_client\SOH\proj.win32\Release.win32\vc110.pdb'; linking object as if no debug info
     1>libjpeg.lib(jidctflt.obj) : warning LNK4099: PDB 'vc110.pdb' was not found with 'libjpeg.lib(jidctflt.obj)' or at 'E:\PI\SOH_client\SOH\proj.win32\Release.win32\vc110.pdb'; linking object as if no debug info
     1>libjpeg.lib(jidctint.obj) : warning LNK4099: PDB 'vc110.pdb' was not found with 'libjpeg.lib(jidctint.obj)' or at 'E:\PI\SOH_client\SOH\proj.win32\Release.win32\vc110.pdb'; linking object as if no debug info
     1>libjpeg.lib(jdsample.obj) : warning LNK4099: PDB 'vc110.pdb' was not found with 'libjpeg.lib(jdsample.obj)' or at 'E:\PI\SOH_client\SOH\proj.win32\Release.win32\vc110.pdb'; linking object as if no debug info
     1>libjpeg.lib(jdcolor.obj) : warning LNK4099: PDB 'vc110.pdb' was not found with 'libjpeg.lib(jdcolor.obj)' or at 'E:\PI\SOH_client\SOH\proj.win32\Release.win32\vc110.pdb'; linking object as if no debug info
     1>libjpeg.lib(jquant1.obj) : warning LNK4099: PDB 'vc110.pdb' was not found with 'libjpeg.lib(jquant1.obj)' or at 'E:\PI\SOH_client\SOH\proj.win32\Release.win32\vc110.pdb'; linking object as if no debug info
     1>libjpeg.lib(jquant2.obj) : warning LNK4099: PDB 'vc110.pdb' was not found with 'libjpeg.lib(jquant2.obj)' or at 'E:\PI\SOH_client\SOH\proj.win32\Release.win32\vc110.pdb'; linking object as if no debug info
     1>libjpeg.lib(jdmerge.obj) : warning LNK4099: PDB 'vc110.pdb' was not found with 'libjpeg.lib(jdmerge.obj)' or at 'E:\PI\SOH_client\SOH\proj.win32\Release.win32\vc110.pdb'; linking object as if no debug info
     1>libjpeg.lib(jaricom.obj) : warning LNK4099: PDB 'vc110.pdb' was not found with 'libjpeg.lib(jaricom.obj)' or at 'E:\PI\SOH_client\SOH\proj.win32\Release.win32\vc110.pdb'; linking object as if no debug info
     1>libjpeg.lib(jcomapi.obj) : warning LNK4099: PDB 'vc110.pdb' was not found with 'libjpeg.lib(jcomapi.obj)' or at 'E:\PI\SOH_client\SOH\proj.win32\Release.win32\vc110.pdb'; linking object as if no debug info
     1>libjpeg.lib(jutils.obj) : warning LNK4099: PDB 'vc110.pdb' was not found with 'libjpeg.lib(jutils.obj)' or at 'E:\PI\SOH_client\SOH\proj.win32\Release.win32\vc110.pdb'; linking object as if no debug info
     1>libjpeg.lib(jerror.obj) : warning LNK4099: PDB 'vc110.pdb' was not found with 'libjpeg.lib(jerror.obj)' or at 'E:\PI\SOH_client\SOH\proj.win32\Release.win32\vc110.pdb'; linking object as if no debug info
     1>libjpeg.lib(jmemmgr.obj) : warning LNK4099: PDB 'vc110.pdb' was not found with 'libjpeg.lib(jmemmgr.obj)' or at 'E:\PI\SOH_client\SOH\proj.win32\Release.win32\vc110.pdb'; linking object as if no debug info
     1>libjpeg.lib(jmemnobs.obj) : warning LNK4099: PDB 'vc110.pdb' was not found with 'libjpeg.lib(jmemnobs.obj)' or at 'E:\PI\SOH_client\SOH\proj.win32\Release.win32\vc110.pdb'; linking object as if no debug info
         libcocos2d.vcxproj -> E:\PI\SOH_client\SOH\proj.win32\Release.win32\libcocos2d.dll
     1>Done Building Project "E:\PI\SOH_client\SOH\cocos2d\cocos\2d\libcocos2d.vcxproj" (Build target(s)).

Build succeeded.

Time Elapsed 00:09:08.12
